{"C:\\Users\\gaga1\\OneDrive\\Documentos\\GitHub\\nlw_return\\server\\dist\\useCases\\SubmitFeedbackUseCase.js": {"path":"C:\\Users\\gaga1\\OneDrive\\Documentos\\GitHub\\nlw_return\\server\\dist\\useCases\\SubmitFeedbackUseCase.js","all":false,"statementMap":{"0":{"start":{"line":1,"column":0},"end":{"line":1,"column":13}},"1":{"start":{"line":2,"column":0},"end":{"line":2,"column":62}},"2":{"start":{"line":3,"column":0},"end":{"line":3,"column":39}},"3":{"start":{"line":4,"column":0},"end":{"line":4,"column":29}},"4":{"start":{"line":5,"column":0},"end":{"line":5,"column":51}},"5":{"start":{"line":6,"column":0},"end":{"line":6,"column":55}},"6":{"start":{"line":7,"column":0},"end":{"line":7,"column":39}},"7":{"start":{"line":8,"column":0},"end":{"line":8,"column":5}},"8":{"start":{"line":9,"column":0},"end":{"line":9,"column":25}},"9":{"start":{"line":10,"column":0},"end":{"line":10,"column":51}},"10":{"start":{"line":11,"column":0},"end":{"line":11,"column":30}},"11":{"start":{"line":12,"column":0},"end":{"line":12,"column":61}},"12":{"start":{"line":13,"column":0},"end":{"line":13,"column":79}},"13":{"start":{"line":14,"column":0},"end":{"line":14,"column":55}},"14":{"start":{"line":15,"column":0},"end":{"line":15,"column":64}},"15":{"start":{"line":16,"column":0},"end":{"line":16,"column":20}},"16":{"start":{"line":17,"column":0},"end":{"line":17,"column":23}},"17":{"start":{"line":18,"column":0},"end":{"line":18,"column":17}},"18":{"start":{"line":19,"column":0},"end":{"line":19,"column":11}},"19":{"start":{"line":20,"column":0},"end":{"line":20,"column":41}},"20":{"start":{"line":21,"column":0},"end":{"line":21,"column":17}},"21":{"start":{"line":22,"column":0},"end":{"line":22,"column":20}},"22":{"start":{"line":23,"column":0},"end":{"line":23,"column":23}},"23":{"start":{"line":24,"column":0},"end":{"line":24,"column":11}},"24":{"start":{"line":25,"column":0},"end":{"line":25,"column":24}},"25":{"start":{"line":26,"column":0},"end":{"line":26,"column":5}},"26":{"start":{"line":27,"column":0},"end":{"line":27,"column":1}},"27":{"start":{"line":28,"column":0},"end":{"line":28,"column":54}}},"s":{"0":1,"1":1,"2":1,"3":1,"4":1,"5":1,"6":1,"7":1,"8":1,"9":4,"10":4,"11":4,"12":4,"13":4,"14":1,"15":1,"16":1,"17":1,"18":1,"19":1,"20":1,"21":1,"22":1,"23":1,"24":1,"25":1,"26":1,"27":1},"branchMap":{"0":{"type":"branch","line":9,"loc":{"start":{"line":9,"column":4},"end":{"line":26,"column":5}},"locations":[{"start":{"line":9,"column":4},"end":{"line":26,"column":5}}]},"1":{"type":"branch","line":11,"loc":{"start":{"line":11,"column":20},"end":{"line":11,"column":29}},"locations":[{"start":{"line":11,"column":20},"end":{"line":11,"column":29}}]},"2":{"type":"branch","line":12,"loc":{"start":{"line":12,"column":12},"end":{"line":13,"column":78}},"locations":[{"start":{"line":12,"column":12},"end":{"line":13,"column":78}}]},"3":{"type":"branch","line":14,"loc":{"start":{"line":14,"column":12},"end":{"line":26,"column":5}},"locations":[{"start":{"line":14,"column":12},"end":{"line":26,"column":5}}]},"4":{"type":"branch","line":5,"loc":{"start":{"line":5,"column":4},"end":{"line":8,"column":5}},"locations":[{"start":{"line":5,"column":4},"end":{"line":8,"column":5}}]}},"b":{"0":[4],"1":[3],"2":[2],"3":[1],"4":[1]},"fnMap":{"0":{"name":"execute","decl":{"start":{"line":9,"column":4},"end":{"line":26,"column":5}},"loc":{"start":{"line":9,"column":4},"end":{"line":26,"column":5}},"line":9},"1":{"name":"SubmitFeedbackUseCase","decl":{"start":{"line":5,"column":4},"end":{"line":8,"column":5}},"loc":{"start":{"line":5,"column":4},"end":{"line":8,"column":5}},"line":5}},"f":{"0":4,"1":1}}
,"C:\\Users\\gaga1\\OneDrive\\Documentos\\GitHub\\nlw_return\\server\\src\\useCases\\SubmitFeedbackUseCase.ts": {"path":"C:\\Users\\gaga1\\OneDrive\\Documentos\\GitHub\\nlw_return\\server\\src\\useCases\\SubmitFeedbackUseCase.ts","all":false,"statementMap":{"0":{"start":{"line":1,"column":0},"end":{"line":1,"column":42}},"1":{"start":{"line":2,"column":0},"end":{"line":2,"column":76}},"2":{"start":{"line":3,"column":0},"end":{"line":3,"column":67}},"3":{"start":{"line":4,"column":0},"end":{"line":4,"column":56}},"4":{"start":{"line":5,"column":0},"end":{"line":5,"column":0}},"5":{"start":{"line":6,"column":0},"end":{"line":6,"column":20}},"6":{"start":{"line":7,"column":0},"end":{"line":7,"column":15}},"7":{"start":{"line":8,"column":0},"end":{"line":8,"column":18}},"8":{"start":{"line":9,"column":0},"end":{"line":9,"column":22}},"9":{"start":{"line":10,"column":0},"end":{"line":10,"column":1}},"10":{"start":{"line":11,"column":0},"end":{"line":11,"column":0}},"11":{"start":{"line":12,"column":0},"end":{"line":12,"column":36}},"12":{"start":{"line":13,"column":0},"end":{"line":13,"column":14}},"13":{"start":{"line":14,"column":0},"end":{"line":14,"column":54}},"14":{"start":{"line":15,"column":0},"end":{"line":15,"column":38}},"15":{"start":{"line":16,"column":0},"end":{"line":16,"column":39}},"16":{"start":{"line":17,"column":0},"end":{"line":17,"column":6}},"17":{"start":{"line":18,"column":0},"end":{"line":18,"column":0}},"18":{"start":{"line":19,"column":0},"end":{"line":19,"column":52}},"19":{"start":{"line":20,"column":0},"end":{"line":20,"column":47}},"20":{"start":{"line":21,"column":0},"end":{"line":21,"column":0}},"21":{"start":{"line":22,"column":0},"end":{"line":22,"column":76}},"22":{"start":{"line":23,"column":0},"end":{"line":23,"column":0}},"23":{"start":{"line":24,"column":0},"end":{"line":24,"column":75}},"24":{"start":{"line":25,"column":0},"end":{"line":25,"column":49}},"25":{"start":{"line":26,"column":0},"end":{"line":26,"column":0}},"26":{"start":{"line":27,"column":0},"end":{"line":27,"column":60}},"27":{"start":{"line":28,"column":0},"end":{"line":28,"column":14}},"28":{"start":{"line":29,"column":0},"end":{"line":29,"column":17}},"29":{"start":{"line":30,"column":0},"end":{"line":30,"column":11}},"30":{"start":{"line":31,"column":0},"end":{"line":31,"column":7}},"31":{"start":{"line":32,"column":0},"end":{"line":32,"column":0}},"32":{"start":{"line":33,"column":0},"end":{"line":33,"column":37}},"33":{"start":{"line":34,"column":0},"end":{"line":34,"column":11}},"34":{"start":{"line":35,"column":0},"end":{"line":35,"column":14}},"35":{"start":{"line":36,"column":0},"end":{"line":36,"column":17}},"36":{"start":{"line":37,"column":0},"end":{"line":37,"column":7}},"37":{"start":{"line":38,"column":0},"end":{"line":38,"column":0}},"38":{"start":{"line":39,"column":0},"end":{"line":39,"column":41}},"39":{"start":{"line":40,"column":0},"end":{"line":40,"column":0}},"40":{"start":{"line":41,"column":0},"end":{"line":41,"column":19}},"41":{"start":{"line":42,"column":0},"end":{"line":42,"column":17}},"42":{"start":{"line":43,"column":0},"end":{"line":43,"column":35}},"43":{"start":{"line":44,"column":0},"end":{"line":44,"column":14}},"44":{"start":{"line":45,"column":0},"end":{"line":45,"column":21}},"45":{"start":{"line":46,"column":0},"end":{"line":46,"column":43}},"46":{"start":{"line":47,"column":0},"end":{"line":47,"column":14}},"47":{"start":{"line":48,"column":0},"end":{"line":48,"column":24}},"48":{"start":{"line":49,"column":0},"end":{"line":49,"column":40}},"49":{"start":{"line":50,"column":0},"end":{"line":50,"column":14}},"50":{"start":{"line":51,"column":0},"end":{"line":51,"column":14}},"51":{"start":{"line":52,"column":0},"end":{"line":52,"column":30}},"52":{"start":{"line":53,"column":0},"end":{"line":53,"column":14}},"53":{"start":{"line":54,"column":0},"end":{"line":54,"column":5}},"54":{"start":{"line":55,"column":0},"end":{"line":55,"column":0}},"55":{"start":{"line":56,"column":0},"end":{"line":56,"column":39}},"56":{"start":{"line":57,"column":0},"end":{"line":57,"column":27}},"57":{"start":{"line":58,"column":0},"end":{"line":58,"column":25}},"58":{"start":{"line":59,"column":0},"end":{"line":59,"column":54}},"59":{"start":{"line":60,"column":0},"end":{"line":60,"column":51}},"60":{"start":{"line":61,"column":0},"end":{"line":61,"column":58}},"61":{"start":{"line":62,"column":0},"end":{"line":62,"column":9}},"62":{"start":{"line":63,"column":0},"end":{"line":63,"column":31}},"63":{"start":{"line":64,"column":0},"end":{"line":64,"column":7}},"64":{"start":{"line":65,"column":0},"end":{"line":65,"column":0}},"65":{"start":{"line":66,"column":0},"end":{"line":66,"column":20}},"66":{"start":{"line":67,"column":0},"end":{"line":67,"column":3}},"67":{"start":{"line":68,"column":0},"end":{"line":68,"column":1}}},"s":{"0":1,"1":1,"2":1,"3":1,"4":1,"5":1,"6":1,"7":1,"8":1,"9":1,"10":1,"11":1,"12":1,"13":1,"14":1,"15":1,"16":1,"17":1,"18":1,"19":4,"20":4,"21":4,"22":2,"23":4,"24":4,"25":1,"26":1,"27":1,"28":1,"29":1,"30":1,"31":1,"32":1,"33":1,"34":1,"35":1,"36":1,"37":1,"38":1,"39":1,"40":1,"41":1,"42":1,"43":1,"44":4,"45":0,"46":0,"47":4,"48":0,"49":0,"50":4,"51":0,"52":0,"53":4,"54":1,"55":1,"56":1,"57":1,"58":1,"59":1,"60":4,"61":4,"62":4,"63":4,"64":1,"65":1,"66":1,"67":1},"branchMap":{"0":{"type":"branch","line":19,"loc":{"start":{"line":19,"column":2},"end":{"line":67,"column":3}},"locations":[{"start":{"line":19,"column":2},"end":{"line":67,"column":3}}]},"1":{"type":"branch","line":22,"loc":{"start":{"line":22,"column":16},"end":{"line":22,"column":25}},"locations":[{"start":{"line":22,"column":16},"end":{"line":22,"column":25}}]},"2":{"type":"branch","line":22,"loc":{"start":{"line":22,"column":27},"end":{"line":24,"column":74}},"locations":[{"start":{"line":22,"column":27},"end":{"line":24,"column":74}}]},"3":{"type":"branch","line":25,"loc":{"start":{"line":25,"column":6},"end":{"line":44,"column":14}},"locations":[{"start":{"line":25,"column":6},"end":{"line":44,"column":14}}]},"4":{"type":"branch","line":45,"loc":{"start":{"line":45,"column":6},"end":{"line":47,"column":14}},"locations":[{"start":{"line":45,"column":6},"end":{"line":47,"column":14}}]},"5":{"type":"branch","line":48,"loc":{"start":{"line":48,"column":6},"end":{"line":50,"column":14}},"locations":[{"start":{"line":48,"column":6},"end":{"line":50,"column":14}}]},"6":{"type":"branch","line":51,"loc":{"start":{"line":51,"column":6},"end":{"line":53,"column":14}},"locations":[{"start":{"line":51,"column":6},"end":{"line":53,"column":14}}]},"7":{"type":"branch","line":55,"loc":{"start":{"line":55,"column":-2},"end":{"line":61,"column":57}},"locations":[{"start":{"line":55,"column":-2},"end":{"line":61,"column":57}}]},"8":{"type":"branch","line":65,"loc":{"start":{"line":65,"column":-2},"end":{"line":67,"column":3}},"locations":[{"start":{"line":65,"column":-2},"end":{"line":67,"column":3}}]},"9":{"type":"branch","line":13,"loc":{"start":{"line":13,"column":2},"end":{"line":17,"column":6}},"locations":[{"start":{"line":13,"column":2},"end":{"line":17,"column":6}}]}},"b":{"0":[4],"1":[3],"2":[2],"3":[1],"4":[0],"5":[0],"6":[0],"7":[1],"8":[1],"9":[1]},"fnMap":{"0":{"name":"execute","decl":{"start":{"line":19,"column":2},"end":{"line":67,"column":3}},"loc":{"start":{"line":19,"column":2},"end":{"line":67,"column":3}},"line":19},"1":{"name":"SubmitFeedbackUseCase","decl":{"start":{"line":13,"column":2},"end":{"line":17,"column":6}},"loc":{"start":{"line":13,"column":2},"end":{"line":17,"column":6}},"line":13}},"f":{"0":4,"1":1}}
}
