TN:
SF:dist\useCases\SubmitFeedbackUseCase.js
FN:9,execute
FN:5,SubmitFeedbackUseCase
FNF:2
FNH:2
FNDA:4,execute
FNDA:1,SubmitFeedbackUseCase
DA:1,1
DA:2,1
DA:3,1
DA:4,1
DA:5,1
DA:6,1
DA:7,1
DA:8,1
DA:9,1
DA:10,4
DA:11,4
DA:12,4
DA:13,4
DA:14,4
DA:15,1
DA:16,1
DA:17,1
DA:18,1
DA:19,1
DA:20,1
DA:21,1
DA:22,1
DA:23,1
DA:24,1
DA:25,1
DA:26,1
DA:27,1
DA:28,1
LF:28
LH:28
BRDA:9,0,0,4
BRDA:11,1,0,3
BRDA:12,2,0,2
BRDA:14,3,0,1
BRDA:5,4,0,1
BRF:5
BRH:5
end_of_record
TN:
SF:src\useCases\SubmitFeedbackUseCase.ts
FN:19,execute
FN:13,SubmitFeedbackUseCase
FNF:2
FNH:2
FNDA:4,execute
FNDA:1,SubmitFeedbackUseCase
DA:1,1
DA:2,1
DA:3,1
DA:4,1
DA:5,1
DA:6,1
DA:7,1
DA:8,1
DA:9,1
DA:10,1
DA:11,1
DA:12,1
DA:13,1
DA:14,1
DA:15,1
DA:16,1
DA:17,1
DA:18,1
DA:19,1
DA:20,4
DA:21,4
DA:22,4
DA:23,2
DA:24,4
DA:25,4
DA:26,1
DA:27,1
DA:28,1
DA:29,1
DA:30,1
DA:31,1
DA:32,1
DA:33,1
DA:34,1
DA:35,1
DA:36,1
DA:37,1
DA:38,1
DA:39,1
DA:40,1
DA:41,1
DA:42,1
DA:43,1
DA:44,1
DA:45,4
DA:46,0
DA:47,0
DA:48,4
DA:49,0
DA:50,0
DA:51,4
DA:52,0
DA:53,0
DA:54,4
DA:55,1
DA:56,1
DA:57,1
DA:58,1
DA:59,1
DA:60,1
DA:61,4
DA:62,4
DA:63,4
DA:64,4
DA:65,1
DA:66,1
DA:67,1
DA:68,1
LF:68
LH:62
BRDA:19,0,0,4
BRDA:22,1,0,3
BRDA:22,2,0,2
BRDA:25,3,0,1
BRDA:45,4,0,0
BRDA:48,5,0,0
BRDA:51,6,0,0
BRDA:55,7,0,1
BRDA:65,8,0,1
BRDA:13,9,0,1
BRF:10
BRH:7
end_of_record
